20221221	12:00:09	592a7c16-d1ce-4a42-8fab-3a432b5a7aa8	POST	 /api/myPaedia/register	undefined
20221221	12:05:00	dbbc2f6f-a45b-4a4b-a007-725cab316b9d	POST	 /api/myPaedia/register	undefined
20221221	12:05:58	bfa0bb2b-cc7c-4c79-8997-72de3ecbc62d	POST	 /api/myPaedia/register	undefined
20221221	12:08:49	6fa321b6-23f0-415a-8a1e-2984a4da76bc	GET	 /api/tech/css/style.css	undefined
20221221	12:09:54	13efa554-bb0b-42f2-8d3c-bf1e7bf66e9c	POST	 /api/myPaedia/register	undefined
20221221	12:20:59	c7c7c192-3cc0-4025-b423-68816b658a97	POST	 //api/v2/register	undefined
20221221	12:21:12	494a168b-95b6-49c9-91ed-2a593a3ecb7e	POST	 /api/v2/register	undefined
20221221	12:26:45	23fd4380-6008-4994-9457-9f1318aa6427	POST	 /api/v2/register	undefined
20221221	12:29:18	e7e4c258-a202-4dea-9533-bb25e75880ef	POST	 /api/v2/register	undefined
20221221	12:32:57	80d30f73-4c6f-4b40-9cb9-3d522f3ce32c	POST	 /api/v2/register	undefined
20221221	12:36:52	1f963c33-f7ac-481f-9889-447a3fbc86d8	POST	 /api/v2/register	undefined
20221221	12:39:53	dcde39e3-621c-4fe7-9362-a5c417735e41	POST	 /api/v2/register	undefined
20221221	12:44:25	01d84025-03d2-46b5-bb24-a1e154d832e3	POST	 /api/v2/register	undefined
20221221	12:44:45	8187c9a7-2a8f-4ba1-b9a2-1551debed4c4	POST	 /api/v2/register	undefined
20221221	12:45:04	dfacb3cc-6253-4e8c-b201-4451e7fd0763	POST	 /api/v2/register	undefined
20221221	12:49:04	949367d0-15ec-4e32-8aee-89b74c4711c0	POST	 /api/v2/register	undefined
20221221	12:49:49	44e6d787-b946-4302-82a8-3f6fe0c63e67	POST	 /api/v2/register	undefined
20221221	12:50:03	3dfab1f5-38d0-4f00-8a6b-067601b1b8cd	POST	 /api/v2/register	undefined
20221221	12:50:55	0f5ec5b9-464f-470d-856d-e63e3ac0e829	POST	 /api/v2/register	undefined
20221221	13:01:44	b357cd7d-21ab-4343-9656-38af13a3e541	POST	 /api/v2/register	undefined
20221221	13:03:22	234c5f61-7b49-4bda-9dc9-21d2c4e63b04	POST	 /api/v2/register	undefined
20221221	13:05:36	3c33e5a7-c212-4286-aab8-a19dfbeec42d	POST	 /api/v2/register	undefined
20221221	13:05:36	3d0e032f-6a2d-4ca4-b2eb-22b48daa28a1	POST	 /api/v2/register	undefined
20221221	13:06:39	0a72c639-49ea-4044-a626-8878d7e4b566	POST	 /api/v2/register	undefined
20221221	13:17:11	3d09296d-77fd-42e0-971d-1cf79719ff2d	POST	 /api/v2/register	undefined
20221221	13:19:43	13d0342d-5a82-49b8-9b1f-8ade9776583f	POST	 /api/v2/register	undefined
20221221	13:38:37	be624d0f-89f4-4499-b856-7ae1819490dc	GET	 /api/tech/css/style.css	undefined
20221221	13:45:22	15f9a05c-3782-4d6b-8cbe-ec6fb61eea11	GET	 /api/v2/login	undefined
20221221	13:45:35	e830e02c-9a2e-4d60-9f49-ffaf8663ce60	POST	 /api/v2/login	undefined
20221221	13:47:51	c1bf6c0b-193d-4050-8d5b-e7893934fbca	POST	 /api/v2/auth/login	undefined
20221221	13:49:27	e4f1fb1e-fb25-480c-9c6e-1f457247e4dd	POST	 /api/v2/register	undefined
20221221	13:49:45	4e4210da-bc1b-43e9-b343-74256d1bcb42	POST	 /api/v2/auth/login	undefined
20221221	13:57:15	f96e5c6f-da3f-4ff4-aad4-b43760bb5307	POST	 /api/v2/auth/login	undefined
20221221	17:13:16	92328622-f20e-4e4b-a910-18664fdd65ae	POST	 /api/v2/auth/login	undefined
20221221	17:16:28	449a653d-ee27-4a10-8c5d-cd2a6aa61c7c	GET	 /api/v2/user/63a2efd49c5d5a2ee3f9e4bf	undefined
20221221	17:18:00	5b4e7784-15b7-4934-ad9a-9a450954f362	POST	 /api/v2/auth/login	undefined
20221221	17:18:56	74fcc369-860e-45ca-91c9-e14f537c89a9	GET	 /api/v2/user/63a2efd49c5d5a2ee3f9e4bf	undefined
20221221	17:20:40	c7639c82-7922-4287-9738-a3c8f40cf3bb	GET	 /api/v2/user/63a2efd49c5d5a2ee3f9e4bf	undefined
20221221	17:21:00	30c318a4-92e3-4db4-bd29-aef5e97452da	POST	 /api/v2/auth/login	undefined
20221221	17:21:20	21c05a76-a2e0-4774-b5b3-490fff2ed18f	GET	 /api/v2/user/63a2efd49c5d5a2ee3f9e4bf	undefined
20221221	17:24:19	75add3ba-4eef-4c51-b0f8-8ce1f1c65491	GET	 /api/v2/user/id=63a2efd49c5d5a2ee3f9e4bf	undefined
20221221	17:24:24	d48a111a-42da-41c1-9977-e96575108f05	POST	 /api/v2/auth/login	undefined
20221221	17:24:49	29e4000d-826a-45d7-a8af-28cb4b557c37	GET	 /api/v2/user/id=63a2efd49c5d5a2ee3f9e4bf	undefined
20221221	17:25:27	74674eb3-de81-4120-aed7-1c3cdcc96669	GET	 /api/v2/user/:id=63a2efd49c5d5a2ee3f9e4bf	undefined
20221221	17:25:51	34135234-4766-4390-bbc5-e592b6d8b326	GET	 /api/v2/user/_id=63a2efd49c5d5a2ee3f9e4bf	undefined
20221221	17:26:12	c7253d25-e2c9-4bc7-b004-f9cef10124e8	GET	 /api/v2/user/:id=63a2efd49c5d5a2ee3f9e4bf	undefined
20221221	17:26:35	6d4571f0-1091-445d-8334-c7313c3da7ec	GET	 /api/v2/user/:id=63a2efd49c5d5a2ee3f9e4bf	undefined
20221221	17:27:00	9e2dff5d-3846-44b9-a82a-84df1c401025	POST	 /api/v2/auth/login	undefined
20221221	17:27:24	00593370-d3cb-4237-84b0-a07e276b5196	GET	 /api/v2/user/63a2efd49c5d5a2ee3f9e4bf	undefined
20221221	17:29:18	8b2c15bb-cfa6-4246-b0b1-796ab3d95f06	POST	 /api/v2/auth/login	undefined
20221221	17:29:36	3c345b75-55ee-4cef-93e8-e6df0491111f	GET	 /api/v2/user/63a2efd49c5d5a2ee3f9e4bf	undefined
20221221	17:31:13	848deb17-090d-4aa4-bc88-2743f946d2a2	GET	 /api/v2/user/63a2efd49c5d5a2ee3f9e4bf	undefined
20221221	17:32:59	55e8a109-8159-4bae-a03a-3c35d6edb46e	POST	 /api/v2/auth/login	undefined
20221221	17:33:18	6a8bf5a9-a45d-4cf8-aa45-f7d0fe601e23	GET	 /api/v2/user/63a2efd49c5d5a2ee3f9e4bf	undefined
20221221	17:34:19	d7e730a3-8b5c-4298-8b8f-a8dab45380d3	POST	 /api/v2/auth/login	undefined
20221221	17:34:38	f9df3a1d-01ba-4e05-a837-48891d574f2b	GET	 /api/v2/user/63a2efd49c5d5a2ee3f9e4bf	undefined
20221221	17:34:44	595aaa5c-951f-4d91-8b1c-0af970b7797e	GET	 /api/v2/user/63a2efd49c5d5a2ee3f9e4bf	undefined
